0 verbose cli C:\Program Files\nodejs\node.exe C:\Program Files\nodejs\node_modules\npm\bin\npm-cli.js
1 info using npm@10.8.2
2 info using node@v20.18.0
3 silly config load:file:C:\Program Files\nodejs\node_modules\npm\npmrc
4 silly config load:file:C:\Users\ahmed\.npmrc
5 silly config load:file:C:\Users\ahmed\AppData\Roaming\npm\etc\npmrc
6 verbose title npm install json-server
7 verbose argv "install" "--global" "json-server"
8 verbose logfile logs-max:10 dir:C:\Users\ahmed\AppData\Local\npm-cache\_logs\2024-10-12T11_47_30_081Z-
9 verbose logfile C:\Users\ahmed\AppData\Local\npm-cache\_logs\2024-10-12T11_47_30_081Z-debug-0.log
10 silly packumentCache heap:2197815296 maxSize:549453824 maxEntrySize:274726912
11 silly logfile done cleaning log files
12 silly idealTree buildDeps
13 silly fetch manifest json-server@*
14 silly packumentCache full:https://registry.npmjs.org/json-server cache-miss
15 http fetch GET 200 https://registry.npmjs.org/json-server 537ms (cache miss)
16 silly packumentCache full:https://registry.npmjs.org/json-server set size:undefined disposed:false
17 silly placeDep ROOT json-server@1.0.0-beta.3 OK for:  want: *
18 silly fetch manifest @tinyhttp/app@^2.4.0
19 silly packumentCache full:https://registry.npmjs.org/@tinyhttp%2fapp cache-miss
20 silly fetch manifest @tinyhttp/cors@^2.0.1
21 silly packumentCache full:https://registry.npmjs.org/@tinyhttp%2fcors cache-miss
22 silly fetch manifest @tinyhttp/logger@^2.0.0
23 silly packumentCache full:https://registry.npmjs.org/@tinyhttp%2flogger cache-miss
24 http fetch GET 200 https://registry.npmjs.org/npm 669ms
25 http fetch GET 200 https://registry.npmjs.org/@tinyhttp%2fapp 324ms (cache miss)
26 silly packumentCache full:https://registry.npmjs.org/@tinyhttp%2fapp set size:undefined disposed:false
27 silly fetch manifest chalk@^5.3.0
28 silly packumentCache full:https://registry.npmjs.org/chalk cache-miss
29 http fetch GET 200 https://registry.npmjs.org/@tinyhttp%2fcors 514ms (cache miss)
30 silly packumentCache full:https://registry.npmjs.org/@tinyhttp%2fcors set size:undefined disposed:false
31 silly fetch manifest chokidar@^4.0.1
32 silly packumentCache full:https://registry.npmjs.org/chokidar cache-miss
33 http fetch GET 200 https://registry.npmjs.org/chalk 202ms (cache miss)
34 silly packumentCache full:https://registry.npmjs.org/chalk set size:undefined disposed:false
35 silly fetch manifest dot-prop@^9.0.0
36 silly packumentCache full:https://registry.npmjs.org/dot-prop cache-miss
37 http fetch GET 200 https://registry.npmjs.org/@tinyhttp%2flogger 625ms (cache miss)
38 silly packumentCache full:https://registry.npmjs.org/@tinyhttp%2flogger set size:undefined disposed:false
39 silly fetch manifest eta@^3.5.0
40 silly packumentCache full:https://registry.npmjs.org/eta cache-miss
41 http fetch GET 200 https://registry.npmjs.org/chokidar 158ms (cache miss)
42 silly packumentCache full:https://registry.npmjs.org/chokidar set size:undefined disposed:false
43 silly fetch manifest inflection@^3.0.0
44 silly packumentCache full:https://registry.npmjs.org/inflection cache-miss
45 http fetch GET 200 https://registry.npmjs.org/dot-prop 166ms (cache miss)
46 silly packumentCache full:https://registry.npmjs.org/dot-prop set size:undefined disposed:false
47 silly fetch manifest json5@^2.2.3
48 silly packumentCache full:https://registry.npmjs.org/json5 cache-miss
49 http fetch GET 200 https://registry.npmjs.org/inflection 121ms (cache miss)
50 silly packumentCache full:https://registry.npmjs.org/inflection set size:undefined disposed:false
51 silly fetch manifest lowdb@^7.0.1
52 silly packumentCache full:https://registry.npmjs.org/lowdb cache-miss
53 http fetch GET 200 https://registry.npmjs.org/eta 177ms (cache miss)
54 silly packumentCache full:https://registry.npmjs.org/eta set size:undefined disposed:false
55 silly fetch manifest milliparsec@^4.0.0
56 silly packumentCache full:https://registry.npmjs.org/milliparsec cache-miss
57 http fetch GET 200 https://registry.npmjs.org/json5 139ms (cache miss)
58 silly packumentCache full:https://registry.npmjs.org/json5 set size:undefined disposed:false
59 silly fetch manifest sirv@^2.0.4
60 silly packumentCache full:https://registry.npmjs.org/sirv cache-miss
61 http fetch GET 200 https://registry.npmjs.org/lowdb 129ms (cache miss)
62 silly packumentCache full:https://registry.npmjs.org/lowdb set size:undefined disposed:false
63 silly fetch manifest sort-on@^6.1.0
64 silly packumentCache full:https://registry.npmjs.org/sort-on cache-miss
65 http fetch GET 200 https://registry.npmjs.org/sirv 136ms (cache miss)
66 silly packumentCache full:https://registry.npmjs.org/sirv set size:undefined disposed:false
67 http fetch GET 200 https://registry.npmjs.org/sort-on 127ms (cache miss)
68 silly packumentCache full:https://registry.npmjs.org/sort-on set size:undefined disposed:false
69 http fetch GET 200 https://registry.npmjs.org/milliparsec 750ms (cache miss)
70 silly packumentCache full:https://registry.npmjs.org/milliparsec set size:undefined disposed:false
71 silly placeDep node_modules/json-server @tinyhttp/app@2.4.0 OK for: json-server@1.0.0-beta.3 want: ^2.4.0
72 silly placeDep node_modules/json-server @tinyhttp/cors@2.0.1 OK for: json-server@1.0.0-beta.3 want: ^2.0.1
73 silly placeDep node_modules/json-server @tinyhttp/logger@2.0.0 OK for: json-server@1.0.0-beta.3 want: ^2.0.0
74 silly placeDep node_modules/json-server chalk@5.3.0 OK for: json-server@1.0.0-beta.3 want: ^5.3.0
75 silly placeDep node_modules/json-server chokidar@4.0.1 OK for: json-server@1.0.0-beta.3 want: ^4.0.1
76 silly placeDep node_modules/json-server dot-prop@9.0.0 OK for: json-server@1.0.0-beta.3 want: ^9.0.0
77 silly placeDep node_modules/json-server eta@3.5.0 OK for: json-server@1.0.0-beta.3 want: ^3.5.0
78 silly placeDep node_modules/json-server inflection@3.0.0 OK for: json-server@1.0.0-beta.3 want: ^3.0.0
79 silly placeDep node_modules/json-server json5@2.2.3 OK for: json-server@1.0.0-beta.3 want: ^2.2.3
80 silly placeDep node_modules/json-server lowdb@7.0.1 OK for: json-server@1.0.0-beta.3 want: ^7.0.1
81 silly placeDep node_modules/json-server milliparsec@4.0.0 OK for: json-server@1.0.0-beta.3 want: ^4.0.0
82 silly placeDep node_modules/json-server sirv@2.0.4 OK for: json-server@1.0.0-beta.3 want: ^2.0.4
83 silly placeDep node_modules/json-server sort-on@6.1.0 OK for: json-server@1.0.0-beta.3 want: ^6.1.0
84 silly fetch manifest header-range-parser@1.1.3
85 silly packumentCache full:https://registry.npmjs.org/header-range-parser cache-miss
86 silly fetch manifest regexparam@^2.0.2
87 silly packumentCache full:https://registry.npmjs.org/regexparam cache-miss
88 silly fetch manifest @tinyhttp/cookie@2.1.1
89 silly packumentCache full:https://registry.npmjs.org/@tinyhttp%2fcookie cache-miss
90 http fetch GET 200 https://registry.npmjs.org/header-range-parser 95ms (cache miss)
91 silly packumentCache full:https://registry.npmjs.org/header-range-parser set size:undefined disposed:false
92 silly fetch manifest @tinyhttp/proxy-addr@2.2.0
93 silly packumentCache full:https://registry.npmjs.org/@tinyhttp%2fproxy-addr cache-miss
94 http fetch GET 200 https://registry.npmjs.org/regexparam 122ms (cache miss)
95 silly packumentCache full:https://registry.npmjs.org/regexparam set size:undefined disposed:false
96 silly fetch manifest @tinyhttp/res@2.2.4
97 silly packumentCache full:https://registry.npmjs.org/@tinyhttp%2fres cache-miss
98 http fetch GET 200 https://registry.npmjs.org/@tinyhttp%2fcookie 205ms (cache miss)
99 silly packumentCache full:https://registry.npmjs.org/@tinyhttp%2fcookie set size:undefined disposed:false
100 silly fetch manifest @tinyhttp/req@2.2.4
101 silly packumentCache full:https://registry.npmjs.org/@tinyhttp%2freq cache-miss
102 http fetch GET 200 https://registry.npmjs.org/@tinyhttp%2fproxy-addr 251ms (cache miss)
103 silly packumentCache full:https://registry.npmjs.org/@tinyhttp%2fproxy-addr set size:undefined disposed:false
104 silly fetch manifest @tinyhttp/router@2.2.3
105 silly packumentCache full:https://registry.npmjs.org/@tinyhttp%2frouter cache-miss
106 http fetch GET 200 https://registry.npmjs.org/@tinyhttp%2freq 238ms (cache miss)
107 silly packumentCache full:https://registry.npmjs.org/@tinyhttp%2freq set size:undefined disposed:false
108 silly fetch manifest @tinyhttp/vary@^0.1.3
109 silly packumentCache full:https://registry.npmjs.org/@tinyhttp%2fvary cache-miss
110 http fetch GET 200 https://registry.npmjs.org/@tinyhttp%2fvary 239ms (cache miss)
111 silly packumentCache full:https://registry.npmjs.org/@tinyhttp%2fvary set size:undefined disposed:false
112 silly fetch manifest colorette@^2.0.20
113 silly packumentCache full:https://registry.npmjs.org/colorette cache-miss
114 http fetch GET 200 https://registry.npmjs.org/colorette 122ms (cache miss)
115 silly packumentCache full:https://registry.npmjs.org/colorette set size:undefined disposed:false
116 silly fetch manifest dayjs@^1.11.10
117 silly packumentCache full:https://registry.npmjs.org/dayjs cache-miss
118 http fetch GET 200 https://registry.npmjs.org/dayjs 741ms (cache miss)
119 silly packumentCache full:https://registry.npmjs.org/dayjs set size:undefined disposed:false
120 silly fetch manifest http-status-emojis@^2.2.0
121 silly packumentCache full:https://registry.npmjs.org/http-status-emojis cache-miss
122 http fetch GET 200 https://registry.npmjs.org/@tinyhttp%2frouter 1227ms (cache miss)
123 silly packumentCache full:https://registry.npmjs.org/@tinyhttp%2frouter set size:undefined disposed:false
124 silly fetch manifest readdirp@^4.0.1
125 silly packumentCache full:https://registry.npmjs.org/readdirp cache-miss
126 http fetch GET 200 https://registry.npmjs.org/@tinyhttp%2fres 1462ms (cache miss)
127 silly packumentCache full:https://registry.npmjs.org/@tinyhttp%2fres set size:undefined disposed:false
128 silly fetch manifest type-fest@^4.18.2
129 silly packumentCache full:https://registry.npmjs.org/type-fest cache-miss
130 http fetch GET 200 https://registry.npmjs.org/http-status-emojis 116ms (cache miss)
131 silly packumentCache full:https://registry.npmjs.org/http-status-emojis set size:undefined disposed:false
132 silly fetch manifest steno@^4.0.2
133 silly packumentCache full:https://registry.npmjs.org/steno cache-miss
134 http fetch GET 200 https://registry.npmjs.org/readdirp 187ms (cache miss)
135 silly packumentCache full:https://registry.npmjs.org/readdirp set size:undefined disposed:false
136 silly fetch manifest mrmime@^2.0.0
137 silly packumentCache full:https://registry.npmjs.org/mrmime cache-miss
138 http fetch GET 200 https://registry.npmjs.org/type-fest 190ms (cache miss)
139 silly packumentCache full:https://registry.npmjs.org/type-fest set size:undefined disposed:false
140 silly fetch manifest totalist@^3.0.0
141 silly packumentCache full:https://registry.npmjs.org/totalist cache-miss
142 http fetch GET 200 https://registry.npmjs.org/steno 145ms (cache miss)
143 silly packumentCache full:https://registry.npmjs.org/steno set size:undefined disposed:false
144 silly fetch manifest @polka/url@^1.0.0-next.24
145 silly packumentCache full:https://registry.npmjs.org/@polka%2furl cache-miss
146 http fetch GET 200 https://registry.npmjs.org/mrmime 86ms (cache miss)
147 silly packumentCache full:https://registry.npmjs.org/mrmime set size:undefined disposed:false
148 http fetch GET 200 https://registry.npmjs.org/totalist 120ms (cache miss)
149 silly packumentCache full:https://registry.npmjs.org/totalist set size:undefined disposed:false
150 http fetch GET 200 https://registry.npmjs.org/@polka%2furl 249ms (cache miss)
151 silly packumentCache full:https://registry.npmjs.org/@polka%2furl set size:undefined disposed:false
152 silly placeDep node_modules/json-server @tinyhttp/cookie@2.1.1 OK for: @tinyhttp/app@2.4.0 want: 2.1.1
153 silly placeDep node_modules/json-server @tinyhttp/proxy-addr@2.2.0 OK for: @tinyhttp/app@2.4.0 want: 2.2.0
154 silly placeDep node_modules/json-server @tinyhttp/req@2.2.4 OK for: @tinyhttp/app@2.4.0 want: 2.2.4
155 silly placeDep node_modules/json-server @tinyhttp/res@2.2.4 OK for: @tinyhttp/app@2.4.0 want: 2.2.4
156 silly placeDep node_modules/json-server @tinyhttp/router@2.2.3 OK for: @tinyhttp/app@2.4.0 want: 2.2.3
157 silly placeDep node_modules/json-server header-range-parser@1.1.3 OK for: @tinyhttp/app@2.4.0 want: 1.1.3
158 silly placeDep node_modules/json-server regexparam@2.0.2 OK for: @tinyhttp/app@2.4.0 want: ^2.0.2
159 silly fetch manifest ipaddr.js@^2.2.0
160 silly packumentCache full:https://registry.npmjs.org/ipaddr.js cache-miss
161 silly fetch manifest @tinyhttp/forwarded@2.1.1
162 silly packumentCache full:https://registry.npmjs.org/@tinyhttp%2fforwarded cache-miss
163 silly fetch manifest header-range-parser@^1.1.3
164 silly packumentCache full:https://registry.npmjs.org/header-range-parser cache-miss
165 http fetch GET 200 https://registry.npmjs.org/header-range-parser 16ms (cache hit)
166 silly packumentCache full:https://registry.npmjs.org/header-range-parser set size:41786 disposed:false
167 silly fetch manifest @tinyhttp/url@2.1.1
168 silly packumentCache full:https://registry.npmjs.org/@tinyhttp%2furl cache-miss
169 http fetch GET 200 https://registry.npmjs.org/@tinyhttp%2fforwarded 138ms (cache miss)
170 silly packumentCache full:https://registry.npmjs.org/@tinyhttp%2fforwarded set size:undefined disposed:false
171 silly fetch manifest @tinyhttp/accepts@2.2.3
172 silly packumentCache full:https://registry.npmjs.org/@tinyhttp%2faccepts cache-miss
173 http fetch GET 200 https://registry.npmjs.org/ipaddr.js 146ms (cache miss)
174 silly packumentCache full:https://registry.npmjs.org/ipaddr.js set size:undefined disposed:false
175 silly fetch manifest @tinyhttp/type-is@2.2.4
176 silly packumentCache full:https://registry.npmjs.org/@tinyhttp%2ftype-is cache-miss
177 http fetch GET 200 https://registry.npmjs.org/@tinyhttp%2furl 172ms (cache miss)
178 silly packumentCache full:https://registry.npmjs.org/@tinyhttp%2furl set size:undefined disposed:false
179 silly fetch manifest es-escape-html@^0.1.1
180 silly packumentCache full:https://registry.npmjs.org/es-escape-html cache-miss
181 http fetch GET 200 https://registry.npmjs.org/@tinyhttp%2ftype-is 136ms (cache miss)
182 silly packumentCache full:https://registry.npmjs.org/@tinyhttp%2ftype-is set size:undefined disposed:false
183 silly fetch manifest mime@4.0.4
184 silly packumentCache full:https://registry.npmjs.org/mime cache-miss
185 http fetch GET 200 https://registry.npmjs.org/es-escape-html 125ms (cache miss)
186 silly packumentCache full:https://registry.npmjs.org/es-escape-html set size:undefined disposed:false
187 silly fetch manifest @tinyhttp/content-disposition@2.2.2
188 silly packumentCache full:https://registry.npmjs.org/@tinyhttp%2fcontent-disposition cache-miss
189 http fetch GET 200 https://registry.npmjs.org/mime 108ms (cache miss)
190 silly packumentCache full:https://registry.npmjs.org/mime set size:undefined disposed:false
191 silly fetch manifest @tinyhttp/cookie-signature@2.1.1
192 silly packumentCache full:https://registry.npmjs.org/@tinyhttp%2fcookie-signature cache-miss
193 http fetch GET 200 https://registry.npmjs.org/@tinyhttp%2fcontent-disposition 133ms (cache miss)
194 silly packumentCache full:https://registry.npmjs.org/@tinyhttp%2fcontent-disposition set size:undefined disposed:false
195 silly fetch manifest @tinyhttp/encode-url@2.1.1
196 silly packumentCache full:https://registry.npmjs.org/@tinyhttp%2fencode-url cache-miss
197 http fetch GET 200 https://registry.npmjs.org/@tinyhttp%2fencode-url 249ms (cache miss)
198 silly packumentCache full:https://registry.npmjs.org/@tinyhttp%2fencode-url set size:undefined disposed:false
199 silly fetch manifest @tinyhttp/send@2.2.3
200 silly packumentCache full:https://registry.npmjs.org/@tinyhttp%2fsend cache-miss
201 http fetch GET 200 https://registry.npmjs.org/@tinyhttp%2faccepts 1174ms (cache miss)
202 silly packumentCache full:https://registry.npmjs.org/@tinyhttp%2faccepts set size:undefined disposed:false
203 http fetch GET 200 https://registry.npmjs.org/@tinyhttp%2fcookie-signature 1169ms (cache miss)
204 silly packumentCache full:https://registry.npmjs.org/@tinyhttp%2fcookie-signature set size:undefined disposed:false
205 http fetch GET 200 https://registry.npmjs.org/@tinyhttp%2fsend 1167ms (cache miss)
206 silly packumentCache full:https://registry.npmjs.org/@tinyhttp%2fsend set size:undefined disposed:false
207 silly placeDep node_modules/json-server @tinyhttp/vary@0.1.3 OK for: @tinyhttp/cors@2.0.1 want: ^0.1.3
208 silly placeDep node_modules/json-server colorette@2.0.20 OK for: @tinyhttp/logger@2.0.0 want: ^2.0.20
209 silly placeDep node_modules/json-server dayjs@1.11.13 OK for: @tinyhttp/logger@2.0.0 want: ^1.11.10
210 silly placeDep node_modules/json-server http-status-emojis@2.2.0 OK for: @tinyhttp/logger@2.0.0 want: ^2.2.0
211 silly placeDep node_modules/json-server @tinyhttp/forwarded@2.1.1 OK for: @tinyhttp/proxy-addr@2.2.0 want: 2.1.1
212 silly placeDep node_modules/json-server ipaddr.js@2.2.0 OK for: @tinyhttp/proxy-addr@2.2.0 want: ^2.2.0
213 silly placeDep node_modules/json-server @tinyhttp/accepts@2.2.3 OK for: @tinyhttp/req@2.2.4 want: 2.2.3
214 silly placeDep node_modules/json-server @tinyhttp/type-is@2.2.4 OK for: @tinyhttp/req@2.2.4 want: 2.2.4
215 silly placeDep node_modules/json-server @tinyhttp/url@2.1.1 OK for: @tinyhttp/req@2.2.4 want: 2.1.1
216 silly fetch manifest negotiator@^0.6.3
217 silly packumentCache full:https://registry.npmjs.org/negotiator cache-miss
218 silly fetch manifest @tinyhttp/content-type@^0.1.4
219 silly packumentCache full:https://registry.npmjs.org/@tinyhttp%2fcontent-type cache-miss
220 http fetch GET 200 https://registry.npmjs.org/negotiator 115ms (cache miss)
221 silly packumentCache full:https://registry.npmjs.org/negotiator set size:undefined disposed:false
222 http fetch GET 200 https://registry.npmjs.org/@tinyhttp%2fcontent-type 1211ms (cache miss)
223 silly packumentCache full:https://registry.npmjs.org/@tinyhttp%2fcontent-type set size:undefined disposed:false
224 silly placeDep node_modules/json-server mime@4.0.4 OK for: @tinyhttp/accepts@2.2.3 want: 4.0.4
225 silly placeDep node_modules/json-server negotiator@0.6.3 OK for: @tinyhttp/accepts@2.2.3 want: ^0.6.3
226 silly placeDep node_modules/json-server @tinyhttp/content-disposition@2.2.2 OK for: @tinyhttp/res@2.2.4 want: 2.2.2
227 silly placeDep node_modules/json-server @tinyhttp/cookie-signature@2.1.1 OK for: @tinyhttp/res@2.2.4 want: 2.1.1
228 silly placeDep node_modules/json-server @tinyhttp/encode-url@2.1.1 OK for: @tinyhttp/res@2.2.4 want: 2.1.1
229 silly placeDep node_modules/json-server @tinyhttp/send@2.2.3 OK for: @tinyhttp/res@2.2.4 want: 2.2.3
230 silly placeDep node_modules/json-server es-escape-html@0.1.1 OK for: @tinyhttp/res@2.2.4 want: ^0.1.1
231 silly fetch manifest @tinyhttp/etag@2.1.2
232 silly packumentCache full:https://registry.npmjs.org/@tinyhttp%2fetag cache-miss
233 http fetch GET 200 https://registry.npmjs.org/@tinyhttp%2fetag 178ms (cache miss)
234 silly packumentCache full:https://registry.npmjs.org/@tinyhttp%2fetag set size:undefined disposed:false
235 silly placeDep node_modules/json-server @tinyhttp/content-type@0.1.4 OK for: @tinyhttp/send@2.2.3 want: ^0.1.4
236 silly placeDep node_modules/json-server @tinyhttp/etag@2.1.2 OK for: @tinyhttp/send@2.2.3 want: 2.1.2
237 silly placeDep node_modules/json-server readdirp@4.0.2 OK for: chokidar@4.0.1 want: ^4.0.1
238 silly placeDep node_modules/json-server type-fest@4.26.1 OK for: dot-prop@9.0.0 want: ^4.18.2
239 silly placeDep node_modules/json-server steno@4.0.2 OK for: lowdb@7.0.1 want: ^4.0.2
240 silly placeDep node_modules/json-server @polka/url@1.0.0-next.28 OK for: sirv@2.0.4 want: ^1.0.0-next.24
241 silly placeDep node_modules/json-server mrmime@2.0.0 OK for: sirv@2.0.4 want: ^2.0.0
242 silly placeDep node_modules/json-server totalist@3.0.1 OK for: sirv@2.0.4 want: ^3.0.0
243 silly reify moves {}
244 silly tarball no local data for json-server@https://registry.npmjs.org/json-server/-/json-server-1.0.0-beta.3.tgz. Extracting by manifest.
245 silly tarball no local data for totalist@https://registry.npmjs.org/totalist/-/totalist-3.0.1.tgz. Extracting by manifest.
246 silly tarball no local data for mrmime@https://registry.npmjs.org/mrmime/-/mrmime-2.0.0.tgz. Extracting by manifest.
247 silly tarball no local data for steno@https://registry.npmjs.org/steno/-/steno-4.0.2.tgz. Extracting by manifest.
248 silly tarball no local data for @polka/url@https://registry.npmjs.org/@polka/url/-/url-1.0.0-next.28.tgz. Extracting by manifest.
249 silly tarball no local data for type-fest@https://registry.npmjs.org/type-fest/-/type-fest-4.26.1.tgz. Extracting by manifest.
250 silly tarball no local data for readdirp@https://registry.npmjs.org/readdirp/-/readdirp-4.0.2.tgz. Extracting by manifest.
251 silly tarball no local data for @tinyhttp/content-type@https://registry.npmjs.org/@tinyhttp/content-type/-/content-type-0.1.4.tgz. Extracting by manifest.
252 silly tarball no local data for @tinyhttp/etag@https://registry.npmjs.org/@tinyhttp/etag/-/etag-2.1.2.tgz. Extracting by manifest.
253 silly tarball no local data for es-escape-html@https://registry.npmjs.org/es-escape-html/-/es-escape-html-0.1.1.tgz. Extracting by manifest.
254 silly tarball no local data for @tinyhttp/send@https://registry.npmjs.org/@tinyhttp/send/-/send-2.2.3.tgz. Extracting by manifest.
255 silly tarball no local data for @tinyhttp/encode-url@https://registry.npmjs.org/@tinyhttp/encode-url/-/encode-url-2.1.1.tgz. Extracting by manifest.
256 silly tarball no local data for @tinyhttp/cookie-signature@https://registry.npmjs.org/@tinyhttp/cookie-signature/-/cookie-signature-2.1.1.tgz. Extracting by manifest.
257 silly tarball no local data for @tinyhttp/content-disposition@https://registry.npmjs.org/@tinyhttp/content-disposition/-/content-disposition-2.2.2.tgz. Extracting by manifest.
258 silly tarball no local data for negotiator@https://registry.npmjs.org/negotiator/-/negotiator-0.6.3.tgz. Extracting by manifest.
259 silly tarball no local data for @tinyhttp/url@https://registry.npmjs.org/@tinyhttp/url/-/url-2.1.1.tgz. Extracting by manifest.
260 silly tarball no local data for mime@https://registry.npmjs.org/mime/-/mime-4.0.4.tgz. Extracting by manifest.
261 silly tarball no local data for @tinyhttp/type-is@https://registry.npmjs.org/@tinyhttp/type-is/-/type-is-2.2.4.tgz. Extracting by manifest.
262 silly tarball no local data for @tinyhttp/accepts@https://registry.npmjs.org/@tinyhttp/accepts/-/accepts-2.2.3.tgz. Extracting by manifest.
263 silly tarball no local data for http-status-emojis@https://registry.npmjs.org/http-status-emojis/-/http-status-emojis-2.2.0.tgz. Extracting by manifest.
264 silly tarball no local data for ipaddr.js@https://registry.npmjs.org/ipaddr.js/-/ipaddr.js-2.2.0.tgz. Extracting by manifest.
265 silly tarball no local data for @tinyhttp/forwarded@https://registry.npmjs.org/@tinyhttp/forwarded/-/forwarded-2.1.1.tgz. Extracting by manifest.
266 silly tarball no local data for dayjs@https://registry.npmjs.org/dayjs/-/dayjs-1.11.13.tgz. Extracting by manifest.
267 silly tarball no local data for @tinyhttp/vary@https://registry.npmjs.org/@tinyhttp/vary/-/vary-0.1.3.tgz. Extracting by manifest.
268 silly tarball no local data for colorette@https://registry.npmjs.org/colorette/-/colorette-2.0.20.tgz. Extracting by manifest.
269 silly tarball no local data for regexparam@https://registry.npmjs.org/regexparam/-/regexparam-2.0.2.tgz. Extracting by manifest.
270 silly tarball no local data for @tinyhttp/router@https://registry.npmjs.org/@tinyhttp/router/-/router-2.2.3.tgz. Extracting by manifest.
271 silly tarball no local data for header-range-parser@https://registry.npmjs.org/header-range-parser/-/header-range-parser-1.1.3.tgz. Extracting by manifest.
272 silly tarball no local data for @tinyhttp/res@https://registry.npmjs.org/@tinyhttp/res/-/res-2.2.4.tgz. Extracting by manifest.
273 silly tarball no local data for @tinyhttp/req@https://registry.npmjs.org/@tinyhttp/req/-/req-2.2.4.tgz. Extracting by manifest.
274 silly tarball no local data for @tinyhttp/proxy-addr@https://registry.npmjs.org/@tinyhttp/proxy-addr/-/proxy-addr-2.2.0.tgz. Extracting by manifest.
275 silly tarball no local data for @tinyhttp/cookie@https://registry.npmjs.org/@tinyhttp/cookie/-/cookie-2.1.1.tgz. Extracting by manifest.
276 silly tarball no local data for sort-on@https://registry.npmjs.org/sort-on/-/sort-on-6.1.0.tgz. Extracting by manifest.
277 silly tarball no local data for sirv@https://registry.npmjs.org/sirv/-/sirv-2.0.4.tgz. Extracting by manifest.
278 silly tarball no local data for milliparsec@https://registry.npmjs.org/milliparsec/-/milliparsec-4.0.0.tgz. Extracting by manifest.
279 silly tarball no local data for lowdb@https://registry.npmjs.org/lowdb/-/lowdb-7.0.1.tgz. Extracting by manifest.
280 silly tarball no local data for json5@https://registry.npmjs.org/json5/-/json5-2.2.3.tgz. Extracting by manifest.
281 silly tarball no local data for inflection@https://registry.npmjs.org/inflection/-/inflection-3.0.0.tgz. Extracting by manifest.
282 silly tarball no local data for eta@https://registry.npmjs.org/eta/-/eta-3.5.0.tgz. Extracting by manifest.
283 silly tarball no local data for dot-prop@https://registry.npmjs.org/dot-prop/-/dot-prop-9.0.0.tgz. Extracting by manifest.
284 silly tarball no local data for chokidar@https://registry.npmjs.org/chokidar/-/chokidar-4.0.1.tgz. Extracting by manifest.
285 silly tarball no local data for chalk@https://registry.npmjs.org/chalk/-/chalk-5.3.0.tgz. Extracting by manifest.
286 silly tarball no local data for @tinyhttp/cors@https://registry.npmjs.org/@tinyhttp/cors/-/cors-2.0.1.tgz. Extracting by manifest.
287 silly tarball no local data for @tinyhttp/logger@https://registry.npmjs.org/@tinyhttp/logger/-/logger-2.0.0.tgz. Extracting by manifest.
288 silly tarball no local data for @tinyhttp/app@https://registry.npmjs.org/@tinyhttp/app/-/app-2.4.0.tgz. Extracting by manifest.
289 http fetch GET 200 https://registry.npmjs.org/mrmime/-/mrmime-2.0.0.tgz 220ms (cache miss)
290 http fetch GET 200 https://registry.npmjs.org/json-server/-/json-server-1.0.0-beta.3.tgz 225ms (cache miss)
291 http fetch GET 200 https://registry.npmjs.org/totalist/-/totalist-3.0.1.tgz 225ms (cache miss)
292 http fetch GET 200 https://registry.npmjs.org/steno/-/steno-4.0.2.tgz 223ms (cache miss)
293 http fetch GET 200 https://registry.npmjs.org/@tinyhttp/accepts/-/accepts-2.2.3.tgz 338ms (cache miss)
294 http fetch GET 200 https://registry.npmjs.org/mime/-/mime-4.0.4.tgz 343ms (cache miss)
295 http fetch GET 200 https://registry.npmjs.org/http-status-emojis/-/http-status-emojis-2.2.0.tgz 370ms (cache miss)
296 http fetch GET 200 https://registry.npmjs.org/negotiator/-/negotiator-0.6.3.tgz 422ms (cache miss)
297 http fetch GET 200 https://registry.npmjs.org/@polka/url/-/url-1.0.0-next.28.tgz 449ms (cache miss)
298 http fetch GET 200 https://registry.npmjs.org/@tinyhttp/type-is/-/type-is-2.2.4.tgz 445ms (cache miss)
299 http fetch GET 200 https://registry.npmjs.org/readdirp/-/readdirp-4.0.2.tgz 463ms (cache miss)
300 http fetch GET 200 https://registry.npmjs.org/ipaddr.js/-/ipaddr.js-2.2.0.tgz 594ms (cache miss)
301 http fetch GET 200 https://registry.npmjs.org/es-escape-html/-/es-escape-html-0.1.1.tgz 619ms (cache miss)
302 http fetch GET 200 https://registry.npmjs.org/@tinyhttp/content-disposition/-/content-disposition-2.2.2.tgz 673ms (cache miss)
303 http fetch GET 200 https://registry.npmjs.org/colorette/-/colorette-2.0.20.tgz 696ms (cache miss)
304 http fetch GET 200 https://registry.npmjs.org/regexparam/-/regexparam-2.0.2.tgz 717ms (cache miss)
305 http fetch GET 200 https://registry.npmjs.org/@tinyhttp/vary/-/vary-0.1.3.tgz 739ms (cache miss)
306 http fetch GET 200 https://registry.npmjs.org/header-range-parser/-/header-range-parser-1.1.3.tgz 736ms (cache miss)
307 http fetch GET 200 https://registry.npmjs.org/@tinyhttp/cookie-signature/-/cookie-signature-2.1.1.tgz 801ms (cache miss)
308 http fetch GET 200 https://registry.npmjs.org/@tinyhttp/url/-/url-2.1.1.tgz 887ms (cache miss)
309 http fetch GET 200 https://registry.npmjs.org/sort-on/-/sort-on-6.1.0.tgz 895ms (cache miss)
310 http fetch GET 200 https://registry.npmjs.org/sirv/-/sirv-2.0.4.tgz 915ms (cache miss)
311 http fetch GET 200 https://registry.npmjs.org/milliparsec/-/milliparsec-4.0.0.tgz 924ms (cache miss)
312 http fetch GET 200 https://registry.npmjs.org/@tinyhttp/router/-/router-2.2.3.tgz 946ms (cache miss)
313 http fetch GET 200 https://registry.npmjs.org/lowdb/-/lowdb-7.0.1.tgz 968ms (cache miss)
314 http fetch GET 200 https://registry.npmjs.org/dot-prop/-/dot-prop-9.0.0.tgz 1033ms (cache miss)
315 http fetch GET 200 https://registry.npmjs.org/@tinyhttp/forwarded/-/forwarded-2.1.1.tgz 1095ms (cache miss)
316 http fetch GET 200 https://registry.npmjs.org/@tinyhttp/content-type/-/content-type-0.1.4.tgz 1116ms (cache miss)
317 http fetch GET 200 https://registry.npmjs.org/@tinyhttp/etag/-/etag-2.1.2.tgz 1161ms (cache miss)
318 http fetch GET 200 https://registry.npmjs.org/@tinyhttp/encode-url/-/encode-url-2.1.1.tgz 1157ms (cache miss)
319 http fetch GET 200 https://registry.npmjs.org/@tinyhttp/logger/-/logger-2.0.0.tgz 1115ms (cache miss)
320 http fetch GET 200 https://registry.npmjs.org/inflection/-/inflection-3.0.0.tgz 1185ms (cache miss)
321 http fetch GET 200 https://registry.npmjs.org/@tinyhttp/req/-/req-2.2.4.tgz 1223ms (cache miss)
322 http fetch GET 200 https://registry.npmjs.org/@tinyhttp/send/-/send-2.2.3.tgz 1357ms (cache miss)
323 http fetch GET 200 https://registry.npmjs.org/chalk/-/chalk-5.3.0.tgz 1367ms (cache miss)
324 http fetch GET 200 https://registry.npmjs.org/json5/-/json5-2.2.3.tgz 1412ms (cache miss)
325 http fetch GET 200 https://registry.npmjs.org/@tinyhttp/cookie/-/cookie-2.1.1.tgz 1432ms (cache miss)
326 http fetch GET 200 https://registry.npmjs.org/@tinyhttp/proxy-addr/-/proxy-addr-2.2.0.tgz 1464ms (cache miss)
327 http fetch GET 200 https://registry.npmjs.org/chokidar/-/chokidar-4.0.1.tgz 1982ms (cache miss)
328 http fetch GET 200 https://registry.npmjs.org/@tinyhttp/cors/-/cors-2.0.1.tgz 1985ms (cache miss)
329 http fetch GET 200 https://registry.npmjs.org/@tinyhttp/res/-/res-2.2.4.tgz 2024ms (cache miss)
330 http fetch GET 200 https://registry.npmjs.org/@tinyhttp/app/-/app-2.4.0.tgz 2030ms (cache miss)
331 http fetch GET 200 https://registry.npmjs.org/eta/-/eta-3.5.0.tgz 2048ms (cache miss)
332 http fetch GET 200 https://registry.npmjs.org/type-fest/-/type-fest-4.26.1.tgz 2418ms (cache miss)
333 http fetch GET 200 https://registry.npmjs.org/dayjs/-/dayjs-1.11.13.tgz 3981ms (cache miss)
334 silly ADD node_modules/json-server
335 silly ADD node_modules/json-server/node_modules/totalist
336 silly ADD node_modules/json-server/node_modules/mrmime
337 silly ADD node_modules/json-server/node_modules/@polka/url
338 silly ADD node_modules/json-server/node_modules/steno
339 silly ADD node_modules/json-server/node_modules/type-fest
340 silly ADD node_modules/json-server/node_modules/readdirp
341 silly ADD node_modules/json-server/node_modules/@tinyhttp/etag
342 silly ADD node_modules/json-server/node_modules/@tinyhttp/content-type
343 silly ADD node_modules/json-server/node_modules/es-escape-html
344 silly ADD node_modules/json-server/node_modules/@tinyhttp/send
345 silly ADD node_modules/json-server/node_modules/@tinyhttp/encode-url
346 silly ADD node_modules/json-server/node_modules/@tinyhttp/cookie-signature
347 silly ADD node_modules/json-server/node_modules/@tinyhttp/content-disposition
348 silly ADD node_modules/json-server/node_modules/negotiator
349 silly ADD node_modules/json-server/node_modules/mime
350 silly ADD node_modules/json-server/node_modules/@tinyhttp/url
351 silly ADD node_modules/json-server/node_modules/@tinyhttp/type-is
352 silly ADD node_modules/json-server/node_modules/@tinyhttp/accepts
353 silly ADD node_modules/json-server/node_modules/ipaddr.js
354 silly ADD node_modules/json-server/node_modules/@tinyhttp/forwarded
355 silly ADD node_modules/json-server/node_modules/http-status-emojis
356 silly ADD node_modules/json-server/node_modules/dayjs
357 silly ADD node_modules/json-server/node_modules/colorette
358 silly ADD node_modules/json-server/node_modules/@tinyhttp/vary
359 silly ADD node_modules/json-server/node_modules/regexparam
360 silly ADD node_modules/json-server/node_modules/header-range-parser
361 silly ADD node_modules/json-server/node_modules/@tinyhttp/router
362 silly ADD node_modules/json-server/node_modules/@tinyhttp/res
363 silly ADD node_modules/json-server/node_modules/@tinyhttp/req
364 silly ADD node_modules/json-server/node_modules/@tinyhttp/proxy-addr
365 silly ADD node_modules/json-server/node_modules/@tinyhttp/cookie
366 silly ADD node_modules/json-server/node_modules/sort-on
367 silly ADD node_modules/json-server/node_modules/sirv
368 silly ADD node_modules/json-server/node_modules/milliparsec
369 silly ADD node_modules/json-server/node_modules/lowdb
370 silly ADD node_modules/json-server/node_modules/json5
371 silly ADD node_modules/json-server/node_modules/inflection
372 silly ADD node_modules/json-server/node_modules/eta
373 silly ADD node_modules/json-server/node_modules/dot-prop
374 silly ADD node_modules/json-server/node_modules/chokidar
375 silly ADD node_modules/json-server/node_modules/chalk
376 silly ADD node_modules/json-server/node_modules/@tinyhttp/logger
377 silly ADD node_modules/json-server/node_modules/@tinyhttp/cors
378 silly ADD node_modules/json-server/node_modules/@tinyhttp/app
379 verbose cwd C:\Users\ahmed
380 verbose os Windows_NT 10.0.19044
381 verbose node v20.18.0
382 verbose npm  v10.8.2
383 notice
383 notice New [33mminor[39m version of npm available! [33m10.8.2[39m -> [34m10.9.0[39m
383 notice Changelog: [34mhttps://github.com/npm/cli/releases/tag/v10.9.0[39m
383 notice To update run: [4mnpm install -g npm@10.9.0[24m
383 notice  { force: true, [Symbol(proc-log.meta)]: true }
384 verbose exit 0
385 info ok
