0 verbose cli C:\Program Files\nodejs\node.exe C:\Program Files\nodejs\node_modules\npm\bin\npm-cli.js
1 info using npm@10.8.2
2 info using node@v20.18.0
3 silly config load:file:C:\Program Files\nodejs\node_modules\npm\npmrc
4 silly config load:file:C:\Users\ahmed\.npmrc
5 silly config load:file:C:\Users\ahmed\AppData\Roaming\npm\etc\npmrc
6 verbose title npm install
7 verbose argv "install"
8 verbose logfile logs-max:10 dir:C:\Users\ahmed\AppData\Local\npm-cache\_logs\2024-10-12T12_24_53_490Z-
9 verbose logfile C:\Users\ahmed\AppData\Local\npm-cache\_logs\2024-10-12T12_24_53_490Z-debug-0.log
10 silly packumentCache heap:2197815296 maxSize:549453824 maxEntrySize:274726912
11 silly logfile done cleaning log files
12 silly idealTree buildDeps
13 silly reify moves {}
14 verbose stack Error: Could not read package.json: Error: ENOENT: no such file or directory, open 'C:\Users\ahmed\package.json'
14 verbose stack     at async open (node:internal/fs/promises:639:25)
14 verbose stack     at async readFile (node:internal/fs/promises:1242:14)
14 verbose stack     at async read (C:\Program Files\nodejs\node_modules\npm\node_modules\@npmcli\package-json\lib\read-package.js:9:18)
14 verbose stack     at async PackageJson.load (C:\Program Files\nodejs\node_modules\npm\node_modules\@npmcli\package-json\lib\index.js:130:31)
14 verbose stack     at async PackageJson.normalize (C:\Program Files\nodejs\node_modules\npm\node_modules\@npmcli\package-json\lib\index.js:116:5)
14 verbose stack     at async runScript (C:\Program Files\nodejs\node_modules\npm\node_modules\@npmcli\run-script\lib\run-script.js:11:28)
14 verbose stack     at async Install.exec (C:\Program Files\nodejs\node_modules\npm\lib\commands\install.js:163:9)
14 verbose stack     at async Npm.exec (C:\Program Files\nodejs\node_modules\npm\lib\npm.js:207:9)
14 verbose stack     at async module.exports (C:\Program Files\nodejs\node_modules\npm\lib\cli\entry.js:74:5)
15 error code ENOENT
16 error syscall open
17 error path C:\Users\ahmed\package.json
18 error errno -4058
19 error enoent Could not read package.json: Error: ENOENT: no such file or directory, open 'C:\Users\ahmed\package.json'
20 error enoent This is related to npm not being able to find a file.
20 error enoent
21 verbose cwd C:\Users\ahmed
22 verbose os Windows_NT 10.0.19044
23 verbose node v20.18.0
24 verbose npm  v10.8.2
25 verbose exit -4058
26 verbose code -4058
27 error A complete log of this run can be found in: C:\Users\ahmed\AppData\Local\npm-cache\_logs\2024-10-12T12_24_53_490Z-debug-0.log
